2025-08-05 07:39:33,636 INFO o.a.j.u.JMeterUtils: Setting Locale to en_EN
2025-08-05 07:39:33,650 INFO o.a.j.JMeter: Loading user properties from: /Users/syauqihaljufrie/Downloads/apache-jmeter-5.6.3/bin/user.properties
2025-08-05 07:39:33,650 INFO o.a.j.JMeter: Loading system properties from: /Users/syauqihaljufrie/Downloads/apache-jmeter-5.6.3/bin/system.properties
2025-08-05 07:39:33,655 INFO o.a.j.JMeter: Copyright (c) 1998-2024 The Apache Software Foundation
2025-08-05 07:39:33,655 INFO o.a.j.JMeter: Version 5.6.3
2025-08-05 07:39:33,655 INFO o.a.j.JMeter: java.version=24.0.1
2025-08-05 07:39:33,655 INFO o.a.j.JMeter: java.vm.name=Java HotSpot(TM) 64-Bit Server VM
2025-08-05 07:39:33,655 INFO o.a.j.JMeter: os.name=Mac OS X
2025-08-05 07:39:33,655 INFO o.a.j.JMeter: os.arch=aarch64
2025-08-05 07:39:33,655 INFO o.a.j.JMeter: os.version=15.5
2025-08-05 07:39:33,655 INFO o.a.j.JMeter: file.encoding=UTF-8
2025-08-05 07:39:33,655 INFO o.a.j.JMeter: java.awt.headless=true
2025-08-05 07:39:33,655 INFO o.a.j.JMeter: Max memory     =1073741824
2025-08-05 07:39:33,655 INFO o.a.j.JMeter: Available Processors =8
2025-08-05 07:39:33,663 INFO o.a.j.JMeter: Default Locale=English (EN)
2025-08-05 07:39:33,664 INFO o.a.j.JMeter: JMeter  Locale=English (EN)
2025-08-05 07:39:33,664 INFO o.a.j.JMeter: JMeterHome=/Users/syauqihaljufrie/Downloads/apache-jmeter-5.6.3
2025-08-05 07:39:33,664 INFO o.a.j.JMeter: user.dir  =/Users/syauqihaljufrie/Desktop/Loker/2025 Loker/qoin/Apache Jmeter qoin
2025-08-05 07:39:33,664 INFO o.a.j.JMeter: PWD       =/Users/syauqihaljufrie/Desktop/Loker/2025 Loker/qoin/Apache Jmeter qoin
2025-08-05 07:39:33,666 INFO o.a.j.JMeter: IP: 127.0.0.1 Name: macs-MacBook-Pro.local FullName: localhost
2025-08-05 07:39:33,672 INFO o.a.j.JMeter: Setting property 'jmeter.reportgenerator.outputdir' to:'/Users/syauqihaljufrie/Desktop/Loker/2025 Loker/qoin/Apache Jmeter qoin/report'
2025-08-05 07:39:33,674 INFO o.a.j.s.FileServer: Default base='/Users/syauqihaljufrie/Desktop/Loker/2025 Loker/qoin/Apache Jmeter qoin'
2025-08-05 07:39:33,674 INFO o.a.j.s.FileServer: Set new base='/Users/syauqihaljufrie/Desktop/Loker/2025 Loker/qoin/Apache Jmeter qoin'
2025-08-05 07:39:33,809 INFO o.a.j.s.SaveService: Testplan (JMX) version: 2.2. Testlog (JTL) version: 2.2
2025-08-05 07:39:33,832 INFO o.a.j.s.SaveService: Using SaveService properties version 5.0
2025-08-05 07:39:33,833 INFO o.a.j.s.SaveService: Using SaveService properties file encoding UTF-8
2025-08-05 07:39:33,835 INFO o.a.j.s.SaveService: Loading file: Themoviedb.jmx
2025-08-05 07:39:33,868 INFO o.a.j.p.h.s.HTTPSamplerBase: Parser for text/html is org.apache.jmeter.protocol.http.parser.LagartoBasedHtmlParser
2025-08-05 07:39:33,868 INFO o.a.j.p.h.s.HTTPSamplerBase: Parser for application/xhtml+xml is org.apache.jmeter.protocol.http.parser.LagartoBasedHtmlParser
2025-08-05 07:39:33,868 INFO o.a.j.p.h.s.HTTPSamplerBase: Parser for application/xml is org.apache.jmeter.protocol.http.parser.LagartoBasedHtmlParser
2025-08-05 07:39:33,868 INFO o.a.j.p.h.s.HTTPSamplerBase: Parser for text/xml is org.apache.jmeter.protocol.http.parser.LagartoBasedHtmlParser
2025-08-05 07:39:33,868 INFO o.a.j.p.h.s.HTTPSamplerBase: Parser for text/vnd.wap.wml is org.apache.jmeter.protocol.http.parser.RegexpHTMLParser
2025-08-05 07:39:33,868 INFO o.a.j.p.h.s.HTTPSamplerBase: Parser for text/css is org.apache.jmeter.protocol.http.parser.CssParser
2025-08-05 07:39:33,888 INFO o.a.j.JMeter: Creating summariser <summary>
2025-08-05 07:39:33,890 INFO o.a.j.r.d.ReportGenerator: ReportGenerator will use for Parsing the separator: ','
2025-08-05 07:39:33,890 ERROR o.a.j.JMeter: Error in NonGUIDriver
java.lang.IllegalArgumentException: Results file:summary.csv is not empty
	at org.apache.jmeter.report.dashboard.ReportGenerator.<init>(ReportGenerator.java:140) ~[ApacheJMeter_core.jar:5.6.3]
	at org.apache.jmeter.JMeter.runNonGui(JMeter.java:1007) [ApacheJMeter_core.jar:5.6.3]
	at org.apache.jmeter.JMeter.startNonGui(JMeter.java:940) [ApacheJMeter_core.jar:5.6.3]
	at org.apache.jmeter.JMeter.start(JMeter.java:508) [ApacheJMeter_core.jar:5.6.3]
	at java.base/jdk.internal.reflect.DirectMethodHandleAccessor.invoke(DirectMethodHandleAccessor.java:104) ~[?:?]
	at java.base/java.lang.reflect.Method.invoke(Method.java:565) ~[?:?]
	at org.apache.jmeter.NewDriver.main(NewDriver.java:259) [ApacheJMeter.jar:5.6.3]
2025-08-05 07:39:33,892 ERROR o.a.j.JMeter: An error occurred: 
org.apache.jmeter.report.config.ConfigurationException: Error in NonGUIDriver Results file:summary.csv is not empty
	at org.apache.jmeter.JMeter.runNonGui(JMeter.java:1049) ~[ApacheJMeter_core.jar:5.6.3]
	at org.apache.jmeter.JMeter.startNonGui(JMeter.java:940) ~[ApacheJMeter_core.jar:5.6.3]
	at org.apache.jmeter.JMeter.start(JMeter.java:508) [ApacheJMeter_core.jar:5.6.3]
	at java.base/jdk.internal.reflect.DirectMethodHandleAccessor.invoke(DirectMethodHandleAccessor.java:104) ~[?:?]
	at java.base/java.lang.reflect.Method.invoke(Method.java:565) ~[?:?]
	at org.apache.jmeter.NewDriver.main(NewDriver.java:259) [ApacheJMeter.jar:5.6.3]
Caused by: java.lang.IllegalArgumentException: Results file:summary.csv is not empty
	at org.apache.jmeter.report.dashboard.ReportGenerator.<init>(ReportGenerator.java:140) ~[ApacheJMeter_core.jar:5.6.3]
	at org.apache.jmeter.JMeter.runNonGui(JMeter.java:1007) ~[ApacheJMeter_core.jar:5.6.3]
	... 5 more
